<?xml version="1.0" encoding="UTF-8"?>
<testsuite xmlns:xsi="http://www.w3.org/2001/XMLSchema-instance" xsi:noNamespaceSchemaLocation="https://maven.apache.org/surefire/maven-surefire-plugin/xsd/surefire-test-report-3.0.xsd" version="3.0" name="com.example.ShipmentTest_Section4" time="0.158" tests="7" errors="0" skipped="0" failures="0">
  <properties>
[...]
</properties>
  <testcase name="sec4_emptyCompany" classname="com.example.ShipmentTest_Section4" time="0.066"/>
  <testcase name="sec4_express_2_5kg" classname="com.example.ShipmentTest_Section4" time="0.006"/>
  <testcase name="sec4_standard_5kg" classname="com.example.ShipmentTest_Section4" time="0.002"/>
  <testcase name="sec4_standard_9kg" classname="com.example.ShipmentTest_Section4" time="0.002"/>
  <testcase name="sec4_totalCost" classname="com.example.ShipmentTest_Section4" time="0.002"/>
  <testcase name="sec4_express_1kg" classname="com.example.ShipmentTest_Section4" time="0.002"/>
  <testcase name="sec4_express_4kg" classname="com.example.ShipmentTest_Section4" time="0.002"/>
</testsuite>